[30-Dec-2019 09:01:11 Europe/Berlin] ["siapa","kamu"]
[30-Dec-2019 09:01:36 Europe/Berlin] ["siapa","kamu"]
[30-Dec-2019 09:01:51 Europe/Berlin] ["siapa","kamu"]
[30-Dec-2019 09:03:45 Europe/Berlin] ["siapa","kamu"]
[30-Dec-2019 09:03:52 Europe/Berlin] ["siapa","namamu"]
[30-Dec-2019 09:05:06 Europe/Berlin] ["siapa","kamu"]
[30-Dec-2019 09:05:57 Europe/Berlin] ["siapa","kamu"]
[30-Dec-2019 09:07:08 Europe/Berlin] ["siapa","kamu"]
[30-Dec-2019 09:07:23 Europe/Berlin] ["siapa","kamu"]
[30-Dec-2019 09:08:36 Europe/Berlin] ["siapa","kamu"]
[30-Dec-2019 09:11:10 Europe/Berlin] ["siapa","kamu"]
[30-Dec-2019 09:19:15 Europe/Berlin] ["siapa","kamu"]
[30-Dec-2019 09:19:39 Europe/Berlin] ["siapa","kamu"]
[30-Dec-2019 09:19:45 Europe/Berlin] ["siapa","namamu"]
[30-Dec-2019 09:44:31 Europe/Berlin] ["siapa","kamu"]
[30-Dec-2019 09:45:01 Europe/Berlin] ["siapa","kamu"]
[30-Dec-2019 09:49:55 Europe/Berlin] ["siapa","kamu"]
[30-Dec-2019 09:50:02 Europe/Berlin] ["siapa","namamu"]
[30-Dec-2019 09:50:03 Europe/Berlin] ["siapa","namamu"]
[30-Dec-2019 09:50:03 Europe/Berlin] ["siapa","namamu"]
[30-Dec-2019 09:50:04 Europe/Berlin] ["siapa","namamu"]
[30-Dec-2019 09:50:06 Europe/Berlin] ["siapa","namamu"]
[30-Dec-2019 09:50:27 Europe/Berlin] ["berapa","jam"]
[30-Dec-2019 09:52:55 Europe/Berlin] ["berapa","jam"]
[30-Dec-2019 09:52:59 Europe/Berlin] ["berapa","jam"]
[30-Dec-2019 09:53:35 Europe/Berlin] ["berapa","jam"]
[30-Dec-2019 09:53:35 Europe/Berlin] ["berapa","jam"]
[30-Dec-2019 09:54:32 Europe/Berlin] ["berapa","jam"]
[30-Dec-2019 09:54:34 Europe/Berlin] ["berapa","jam"]
[30-Dec-2019 09:55:55 Europe/Berlin] ["berapa","jam"]
[30-Dec-2019 10:31:10 Europe/Berlin] ["hari","apa"]
[30-Dec-2019 10:33:17 Europe/Berlin] ["hari","apa"]
[30-Dec-2019 10:33:49 Europe/Berlin] ["hari","apa"]
[30-Dec-2019 10:34:16 Europe/Berlin] ["hari","apa"]
[30-Dec-2019 10:34:21 Europe/Berlin] ["hari","apa"]
[30-Dec-2019 10:38:42 Europe/Berlin] ["tanggal","berapa"]
[30-Dec-2019 10:38:57 Europe/Berlin] ["tanggal","berapa"]
[30-Dec-2019 10:39:12 Europe/Berlin] ["tanggal","berapa"]
[30-Dec-2019 10:39:57 Europe/Berlin] ["tanggal","berapa"]
[30-Dec-2019 10:40:04 Europe/Berlin] ["hari","apa"]
